[2025-10-02 14:00:10,124] INFO phishield - Dashboard accessed by: Michael
[2025-10-02 14:00:19,102] INFO phishield - Profile accessed by: Michael
[2025-10-02 14:02:47,744] INFO phishield - Profile updated by: Michael
[2025-10-02 14:02:47,758] INFO phishield - Profile accessed by: Michael
[2025-10-02 14:03:36,335] INFO phishield - Profile accessed by: Michael
[2025-10-02 14:05:28,956] INFO phishield - Dashboard accessed by: Michael
[2025-10-02 14:05:32,454] INFO phishield - History accessed by: Michael
[2025-10-02 14:05:55,887] INFO phishield - Dashboard accessed by: Michael
[2025-10-02 14:06:00,646] INFO phishield - Dashboard accessed by: Michael
[2025-10-02 14:06:03,506] INFO phishield - Dashboard accessed by: Michael
[2025-10-02 14:06:13,983] INFO phishield - History accessed by: Michael
[2025-10-02 14:06:16,743] INFO phishield - Dashboard accessed by: Michael
[2025-10-02 14:08:06,714] INFO phishield - About Us page accessed
[2025-10-02 14:08:10,818] INFO phishield - Dashboard accessed by: Michael
[2025-10-02 14:11:53,498] INFO phishield - Dashboard accessed by: Michael
[2025-10-02 14:12:11,040] INFO phishield - Dashboard accessed by: Michael
[2025-10-02 14:15:47,712] INFO phishield - Dashboard accessed by: Michael
[2025-10-02 14:15:54,741] INFO phishield - Profile accessed by: Michael
[2025-10-02 14:16:08,248] INFO phishield - Dashboard accessed by: Michael
[2025-10-02 14:22:52,109] INFO phishield - Dashboard accessed by: Michael
[2025-10-02 14:23:13,844] INFO phishield - Dashboard accessed by: Michael
[2025-10-02 14:23:18,203] INFO phishield - History accessed by: Michael
[2025-10-02 14:23:19,989] INFO phishield - About Us page accessed
[2025-10-02 14:23:22,851] INFO phishield - About Us page accessed
[2025-10-02 14:23:23,659] INFO phishield - Dashboard accessed by: Michael
[2025-10-02 14:23:37,052] INFO phishield - Profile accessed by: Michael
[2025-10-02 14:26:06,125] INFO phishield - Dashboard accessed by: Michael
[2025-10-02 14:45:00,391] INFO phishield - Dashboard accessed by: Michael
[2025-10-02 14:45:51,747] INFO phishield - About Us page accessed
[2025-10-02 14:45:56,760] INFO phishield - Dashboard accessed by: Michael
[2025-10-02 14:47:14,010] INFO phishield - Profile accessed by: Michael
[2025-10-02 14:49:32,314] INFO phishield - Dashboard accessed by: Michael
[2025-10-02 14:49:46,425] INFO phishield - Dashboard accessed by: Michael
[2025-10-02 15:03:40,812] INFO phishield - Dashboard accessed by: Michael
[2025-10-02 15:03:58,843] INFO phishield - History accessed by: Michael
[2025-10-02 15:04:04,273] INFO phishield - Dashboard accessed by: Michael
[2025-10-02 15:11:45,197] INFO phishield - Dashboard accessed by: Michael
[2025-10-02 15:12:18,530] INFO phishield - History accessed by: Michael
[2025-10-02 15:12:21,801] INFO phishield - Dashboard accessed by: Michael
[2025-10-02 15:13:08,429] INFO phishield - Dashboard accessed by: Michael
[2025-10-02 15:19:02,044] INFO phishield - Dashboard accessed by: Michael
[2025-10-02 15:24:37,307] INFO phishield - Dashboard accessed by: Michael
[2025-10-02 15:30:26,538] INFO phishield - Dashboard accessed by: Michael
[2025-10-02 15:30:48,402] INFO phishield - History accessed by: Michael
[2025-10-02 15:30:54,929] INFO phishield - History accessed by: Michael
[2025-10-02 15:31:02,357] INFO phishield - Dashboard accessed by: Michael
[2025-10-02 15:40:56,602] INFO phishield - Dashboard accessed by: Michael
[2025-10-02 16:01:53,714] INFO phishield - Dashboard accessed by: Michael
[2025-10-02 16:03:19,562] INFO phishield - Dashboard accessed by: Michael
[2025-10-02 16:05:02,940] INFO phishield - Dashboard accessed by: Michael
[2025-10-02 16:12:22,021] INFO phishield - Dashboard accessed by: Michael
[2025-10-02 16:19:59,328] INFO phishield - Dashboard accessed by: Michael
[2025-10-02 16:20:31,065] INFO phishield - About Us page accessed
[2025-10-02 16:20:32,245] INFO phishield - History accessed by: Michael
[2025-10-02 16:20:36,841] INFO phishield - Dashboard accessed by: Michael
[2025-10-02 16:26:06,369] INFO phishield - Dashboard accessed by: Michael
[2025-10-02 16:26:16,305] INFO phishield - Dashboard accessed by: Michael
[2025-10-02 16:26:31,332] INFO phishield - History accessed by: Michael
[2025-10-02 16:26:37,354] INFO phishield - Dashboard accessed by: Michael
[2025-10-02 16:26:55,260] INFO phishield - Dashboard accessed by: Michael
[2025-10-02 16:26:59,261] INFO phishield - Dashboard accessed by: Michael
[2025-10-02 16:28:45,392] INFO phishield - Dashboard accessed by: Michael
[2025-10-02 16:34:46,126] INFO phishield - Dashboard accessed by: Michael
[2025-10-02 16:36:56,979] INFO phishield - Dashboard accessed by: Michael
[2025-10-02 16:38:44,887] INFO phishield - Dashboard accessed by: Michael
[2025-10-02 16:39:04,853] INFO phishield - History accessed by: Michael
[2025-10-02 16:39:10,882] INFO phishield - History accessed by: Michael
[2025-10-02 16:39:11,619] INFO phishield - About Us page accessed
[2025-10-02 16:44:27,098] INFO phishield - Dashboard accessed by: Michael
[2025-10-02 16:44:33,009] INFO phishield - History accessed by: Michael
[2025-10-02 16:45:22,064] INFO phishield - Dashboard accessed by: Michael
[2025-10-02 16:45:31,354] INFO phishield - History accessed by: Michael
[2025-10-02 16:45:36,460] INFO phishield - About Us page accessed
[2025-10-02 16:51:02,814] INFO phishield - Dashboard accessed by: Michael
[2025-10-02 16:51:05,209] INFO phishield - History accessed by: Michael
[2025-10-02 16:51:14,242] INFO phishield - History accessed by: Michael
[2025-10-02 16:51:16,421] INFO phishield - About Us page accessed
[2025-10-02 16:52:04,229] INFO phishield - About Us page accessed
[2025-10-02 17:29:07,923] INFO phishield - History accessed by: Michael
[2025-10-02 17:29:12,373] INFO phishield - About Us page accessed
[2025-10-02 17:36:15,854] INFO phishield - Dashboard accessed by: Michael
[2025-10-02 17:37:13,234] INFO phishield - Dashboard accessed by: Michael
[2025-10-02 17:37:17,107] INFO phishield - About Us page accessed
[2025-10-02 17:37:33,974] INFO phishield - Dashboard accessed by: Michael
[2025-10-02 17:37:46,865] INFO phishield - Profile accessed by: Michael
[2025-10-02 17:37:53,803] INFO phishield - Profile accessed by: Michael
[2025-10-02 17:56:37,984] INFO phishield - Dashboard accessed by: habon
[2025-10-02 17:56:45,751] INFO phishield - Dashboard accessed by: habon
[2025-10-02 17:56:48,288] INFO phishield - History accessed by: habon
[2025-10-02 17:56:52,468] INFO phishield - About Us page accessed
[2025-10-02 17:56:54,419] INFO phishield - About Us page accessed
[2025-10-02 17:56:54,933] INFO phishield - History accessed by: habon
[2025-10-02 17:56:57,610] INFO phishield - Dashboard accessed by: habon
[2025-10-02 17:57:06,510] INFO phishield - Dashboard accessed by: habon
[2025-10-02 17:57:21,565] INFO phishield - Logs viewed by: habon
[2025-10-02 17:57:25,815] INFO phishield - Profile accessed by: habon
[2025-10-02 17:57:47,699] INFO phishield - Dashboard accessed by: Michelle
[2025-10-02 17:57:50,790] INFO phishield - Dashboard accessed by: Michelle
[2025-10-02 17:58:18,401] INFO phishield - Dashboard accessed by: habon
[2025-10-02 17:58:22,546] INFO phishield - Profile accessed by: habon
[2025-10-02 17:58:26,099] INFO phishield - About Us page accessed
[2025-10-02 17:58:31,717] INFO phishield - Dashboard accessed by: habon
[2025-10-02 17:58:39,294] INFO phishield - Dashboard accessed by: habon
[2025-10-02 17:58:40,499] INFO phishield - Dashboard accessed by: habon
[2025-10-02 18:01:58,810] INFO phishield - Dashboard accessed by: habon
[2025-10-02 18:02:23,601] INFO phishield - URL check by habon: https://www.facebook.com/sunstarcebu
[2025-10-02 18:02:23,612] INFO phishield - URL analysis completed - Risk: safe
[2025-10-02 18:03:41,842] INFO phishield - Message analysis by habon
[2025-10-02 18:03:41,851] INFO phishield - Message analysis completed - Risk: dangerous
[2025-10-02 18:03:53,532] INFO phishield - History accessed by: habon
[2025-10-02 18:04:14,103] INFO phishield - History accessed by: habon
[2025-10-02 18:04:14,986] INFO phishield - About Us page accessed
[2025-10-02 18:04:18,770] INFO phishield - Dashboard accessed by: habon
[2025-10-02 18:04:28,700] INFO phishield - Profile accessed by: habon
[2025-10-02 18:04:40,565] INFO phishield - Settings updated by: habon
[2025-10-02 18:04:46,898] INFO phishield - Dashboard accessed by: habon
[2025-10-02 18:04:52,837] INFO phishield - About Us page accessed
[2025-10-02 18:04:55,148] INFO phishield - Profile accessed by: habon
[2025-10-02 18:05:11,377] INFO phishield - Profile accessed by: habon
[2025-10-02 18:05:13,319] INFO phishield - Dashboard accessed by: habon
[2025-10-03 09:10:53,473] INFO phishield - User registered and auto-verified: gave
[2025-10-03 09:10:53,486] INFO phishield - Dashboard accessed by: gave
[2025-10-03 09:11:23,312] INFO phishield - Dashboard accessed by: gave
[2025-10-03 09:11:36,489] INFO phishield - Dashboard accessed by: gave
[2025-10-03 09:11:40,843] INFO phishield - Profile accessed by: gave
[2025-10-03 09:11:53,727] INFO phishield - About Us page accessed
[2025-10-03 09:11:54,330] INFO phishield - History accessed by: gave
[2025-10-03 09:11:57,158] INFO phishield - Dashboard accessed by: gave
[2025-10-03 09:12:02,362] INFO phishield - Dashboard accessed by: gave
[2025-10-03 09:12:11,008] INFO phishield - History accessed by: gave
[2025-10-03 09:12:11,552] INFO phishield - About Us page accessed
[2025-10-03 09:52:22,037] INFO phishield - About Us page accessed
[2025-10-03 09:52:48,890] INFO phishield - About Us page accessed
[2025-10-03 09:52:49,723] INFO phishield - History accessed by: gave
[2025-10-03 11:25:07,266] INFO phishield - Dashboard accessed by: gave
[2025-10-03 11:25:14,512] INFO phishield - Dashboard accessed by: gave
[2025-10-03 11:30:09,500] INFO phishield - About Us page accessed
[2025-10-03 13:21:08,829] INFO phishield - Dashboard accessed by: gave
[2025-10-03 13:21:15,443] INFO phishield - Dashboard accessed by: gave
[2025-10-03 13:21:16,364] INFO phishield - Dashboard accessed by: gave
[2025-10-03 13:21:18,832] INFO phishield - Dashboard accessed by: gave
[2025-10-03 13:21:19,509] INFO phishield - Dashboard accessed by: gave
[2025-10-03 13:21:26,926] INFO phishield - History accessed by: gave
[2025-10-03 13:21:27,317] INFO phishield - About Us page accessed
[2025-10-03 13:21:28,600] INFO phishield - Dashboard accessed by: gave
[2025-10-03 13:32:33,796] INFO phishield - Dashboard accessed by: gave
[2025-10-03 13:32:35,291] INFO phishield - Dashboard accessed by: gave
[2025-10-03 13:32:37,711] INFO phishield - History accessed by: gave
[2025-10-03 13:32:38,281] INFO phishield - About Us page accessed
[2025-10-03 13:32:40,587] INFO phishield - Dashboard accessed by: gave
[2025-10-03 13:33:56,089] INFO phishield - Dashboard accessed by: gave
[2025-10-03 13:33:58,629] INFO phishield - Dashboard accessed by: gave
[2025-10-03 13:33:59,514] INFO phishield - Dashboard accessed by: gave
[2025-10-03 13:35:20,627] INFO phishield - Dashboard accessed by: gave
[2025-10-03 13:35:21,340] INFO phishield - Dashboard accessed by: gave
[2025-10-03 13:35:21,523] INFO phishield - Dashboard accessed by: gave
[2025-10-03 13:40:13,544] INFO phishield - Dashboard accessed by: gave
[2025-10-03 13:40:16,798] INFO phishield - Dashboard accessed by: gave
[2025-10-03 13:40:33,261] INFO phishield - Dashboard accessed by: gave
[2025-10-03 13:40:47,395] INFO phishield - Dashboard accessed by: gave
[2025-10-03 13:51:46,182] INFO phishield - Dashboard accessed by: gave
[2025-10-03 13:51:46,986] INFO phishield - Dashboard accessed by: gave
[2025-10-03 13:52:02,187] INFO phishield - Dashboard accessed by: gave
[2025-10-03 13:52:23,725] INFO phishield - Dashboard accessed by: gave
[2025-10-03 13:52:24,765] INFO phishield - Dashboard accessed by: gave
[2025-10-03 13:52:26,041] INFO phishield - Dashboard accessed by: gave
[2025-10-03 13:52:27,480] INFO phishield - History accessed by: gave
[2025-10-03 13:52:27,903] INFO phishield - About Us page accessed
[2025-10-03 13:52:29,376] INFO phishield - Dashboard accessed by: gave
[2025-10-03 13:59:35,684] INFO phishield - Dashboard accessed by: gave
[2025-10-03 13:59:36,518] INFO phishield - Dashboard accessed by: gave
[2025-10-03 14:04:48,281] INFO phishield - Dashboard accessed by: gave
[2025-10-03 14:04:53,994] INFO phishield - History accessed by: gave
[2025-10-03 14:04:54,372] INFO phishield - About Us page accessed
[2025-10-03 14:08:56,013] INFO phishield - About Us page accessed
[2025-10-03 14:09:17,078] INFO phishield - Dashboard accessed by: gave
[2025-10-03 14:09:31,857] INFO phishield - Dashboard accessed by: gave
[2025-10-03 14:09:41,326] INFO phishield - Profile accessed by: gave
[2025-10-03 14:09:58,211] INFO phishield - Profile accessed by: gave
[2025-10-03 14:15:02,098] INFO phishield - Profile accessed by: gave
[2025-10-03 14:15:02,733] INFO phishield - Profile accessed by: gave
[2025-10-03 14:15:03,841] INFO phishield - Dashboard accessed by: gave
[2025-10-03 14:17:45,289] INFO phishield - Dashboard accessed by: gave
[2025-10-03 14:17:45,762] INFO phishield - Dashboard accessed by: gave
[2025-10-03 14:17:45,995] INFO phishield - Dashboard accessed by: gave
[2025-10-03 14:17:46,154] INFO phishield - Dashboard accessed by: gave
[2025-10-03 14:23:51,775] INFO phishield - Dashboard accessed by: gave
[2025-10-03 14:23:51,955] INFO phishield - Dashboard accessed by: gave
[2025-10-03 14:23:52,177] INFO phishield - Dashboard accessed by: gave
[2025-10-03 14:24:59,705] INFO phishield - Dashboard accessed by: gave
[2025-10-03 14:25:03,267] INFO phishield - Dashboard accessed by: gave
[2025-10-03 14:27:31,005] INFO phishield - Dashboard accessed by: gave
[2025-10-03 14:27:42,010] INFO phishield - Dashboard accessed by: gave
[2025-10-03 14:28:32,532] INFO phishield - Dashboard accessed by: gave
[2025-10-03 14:28:47,043] INFO phishield - Dashboard accessed by: gave
[2025-10-03 14:28:49,659] INFO phishield - Dashboard accessed by: gave
[2025-10-03 14:29:24,208] INFO phishield - Dashboard accessed by: gave
[2025-10-03 14:29:34,320] INFO phishield - Dashboard accessed by: gave
[2025-10-03 14:29:47,093] INFO phishield - Dashboard accessed by: gave
[2025-10-03 14:30:29,655] INFO phishield - Dashboard accessed by: gave
[2025-10-03 14:30:31,483] INFO phishield - History accessed by: gave
[2025-10-03 14:30:33,052] INFO phishield - About Us page accessed
[2025-10-03 14:30:36,763] INFO phishield - About Us page accessed
[2025-10-03 14:30:37,382] INFO phishield - History accessed by: gave
[2025-10-03 14:30:38,797] INFO phishield - History accessed by: gave
[2025-10-03 14:30:42,892] INFO phishield - Dashboard accessed by: gave
[2025-10-03 14:30:59,528] INFO phishield - Dashboard accessed by: gave
[2025-10-03 14:33:21,236] INFO phishield - Dashboard accessed by: gave
[2025-10-03 14:33:44,635] INFO phishield - Dashboard accessed by: gave
[2025-10-03 14:34:14,181] INFO phishield - Dashboard accessed by: gave
[2025-10-03 14:35:32,607] INFO phishield - History accessed by: gave
[2025-10-03 14:35:35,977] INFO phishield - History accessed by: gave
[2025-10-03 14:35:36,462] INFO phishield - About Us page accessed
[2025-10-03 14:35:37,898] INFO phishield - History accessed by: gave
[2025-10-03 14:35:41,789] INFO phishield - About Us page accessed
[2025-10-03 14:35:45,179] INFO phishield - Dashboard accessed by: gave
[2025-10-03 14:36:14,261] INFO phishield - About Us page accessed
[2025-10-05 08:15:22,321] INFO phishield - Dashboard accessed by: gave
[2025-10-05 08:15:32,918] INFO phishield - History accessed by: gave
[2025-10-05 08:15:37,336] INFO phishield - About Us page accessed
[2025-10-05 08:15:38,495] INFO phishield - History accessed by: gave
[2025-10-05 08:15:40,083] INFO phishield - About Us page accessed
[2025-10-05 08:15:44,391] INFO phishield - About Us page accessed
[2025-10-05 08:15:46,062] INFO phishield - History accessed by: gave
[2025-10-05 08:16:02,281] INFO phishield - Dashboard accessed by: gave
[2025-10-05 08:16:03,980] INFO phishield - About Us page accessed
[2025-10-05 08:16:04,604] INFO phishield - History accessed by: gave
[2025-10-05 08:16:41,777] INFO phishield - History accessed by: gave
[2025-10-05 08:16:42,966] INFO phishield - Dashboard accessed by: gave
[2025-10-05 08:16:53,461] INFO phishield - Dashboard accessed by: gave
[2025-10-05 08:16:54,604] INFO phishield - Dashboard accessed by: gave
[2025-10-05 08:16:55,758] INFO phishield - Dashboard accessed by: gave
[2025-10-05 08:16:58,422] INFO phishield - History accessed by: gave
[2025-10-05 08:16:58,863] INFO phishield - About Us page accessed
[2025-10-05 08:17:00,140] INFO phishield - Dashboard accessed by: gave
[2025-10-05 08:17:10,091] INFO phishield - Dashboard accessed by: gave
[2025-10-05 08:17:23,782] INFO phishield - Dashboard accessed by: gave
[2025-10-05 08:20:18,922] INFO phishield - Dashboard accessed by: gave
[2025-10-05 08:20:41,093] INFO phishield - Dashboard accessed by: gave
[2025-10-05 09:17:23,387] INFO phishield - Dashboard accessed by: gave
[2025-10-05 09:19:36,861] INFO phishield - Dashboard accessed by: gave
[2025-10-05 09:19:39,563] INFO phishield - Dashboard accessed by: gave
[2025-10-05 09:19:52,770] INFO phishield - Dashboard accessed by: gave
[2025-10-05 09:20:01,283] INFO phishield - Dashboard accessed by: gave
[2025-10-05 09:20:10,898] INFO phishield - Dashboard accessed by: gave
[2025-10-05 09:20:27,382] INFO phishield - Dashboard accessed by: gave
[2025-10-05 09:20:39,971] INFO phishield - Dashboard accessed by: gave
[2025-10-05 09:20:48,704] INFO phishield - Dashboard accessed by: gave
[2025-10-05 09:21:02,143] INFO phishield - Dashboard accessed by: gave
[2025-10-05 09:21:10,924] INFO phishield - Dashboard accessed by: gave
[2025-10-05 12:28:59,186] INFO phishield - Dashboard accessed by: gave
[2025-10-05 12:29:01,363] INFO phishield - History accessed by: gave
[2025-10-05 12:29:02,170] INFO phishield - Dashboard accessed by: gave
[2025-10-05 12:29:32,370] INFO phishield - Dashboard accessed by: gave
[2025-10-05 12:29:33,653] INFO phishield - About Us page accessed
[2025-10-05 12:29:34,589] INFO phishield - About Us page accessed
[2025-10-05 12:29:37,833] INFO phishield - Dashboard accessed by: gave
[2025-10-05 15:44:50,435] INFO phishield - Dashboard accessed by: gave
[2025-10-05 15:46:17,760] INFO phishield - Dashboard accessed by: gave
[2025-10-06 23:04:00,992] INFO phishield - Dashboard accessed by: gave
[2025-10-06 23:43:42,027] INFO phishield - About Us page accessed
[2025-10-06 23:43:43,059] INFO phishield - About Us page accessed
[2025-10-06 23:44:07,775] INFO phishield - About Us page accessed
[2025-10-06 23:44:23,269] INFO phishield - About Us page accessed
[2025-10-06 23:44:27,186] INFO phishield - Dashboard accessed by: gave
[2025-10-06 23:44:29,350] INFO phishield - Dashboard accessed by: gave
[2025-10-06 23:44:30,846] INFO phishield - About Us page accessed
[2025-10-06 23:47:41,369] INFO phishield - About Us page accessed
[2025-10-06 23:47:49,480] INFO phishield - About Us page accessed
[2025-10-06 23:47:59,381] INFO phishield - About Us page accessed
[2025-10-06 23:48:06,969] INFO phishield - About Us page accessed
[2025-10-06 23:51:04,668] INFO phishield - About Us page accessed
[2025-10-06 23:51:23,951] INFO phishield - About Us page accessed
[2025-10-06 23:52:08,546] INFO phishield - About Us page accessed
[2025-10-06 23:52:22,433] INFO phishield - About Us page accessed
[2025-10-06 23:52:45,189] INFO phishield - About Us page accessed
[2025-10-06 23:54:35,915] INFO phishield - About Us page accessed
[2025-10-06 23:56:19,766] INFO phishield - About Us page accessed
[2025-10-07 00:26:00,618] INFO phishield - Dashboard accessed by: gave
[2025-10-07 00:36:46,542] INFO phishield - Dashboard accessed by: gave
[2025-10-07 01:01:25,849] INFO phishield - About Us page accessed
[2025-10-07 01:01:33,935] INFO phishield - About Us page accessed
[2025-10-08 14:47:43,188] INFO phishield - Dashboard accessed by: gave
[2025-10-08 14:47:46,643] INFO phishield - Dashboard accessed by: gave
[2025-10-08 14:47:49,164] INFO phishield - Dashboard accessed by: gave
[2025-10-08 14:47:51,010] INFO phishield - History accessed by: gave
[2025-10-08 14:47:51,538] INFO phishield - About Us page accessed
[2025-10-08 14:47:52,660] INFO phishield - About Us page accessed
[2025-10-08 14:47:53,121] INFO phishield - History accessed by: gave
[2025-10-08 14:47:57,662] INFO phishield - About Us page accessed
[2025-10-08 14:48:47,578] INFO phishield - About Us page accessed
[2025-10-08 14:51:33,732] INFO phishield - About Us page accessed
[2025-10-08 14:51:42,619] INFO phishield - About Us page accessed
[2025-10-08 14:52:19,231] INFO phishield - About Us page accessed
[2025-10-08 14:52:36,352] INFO phishield - About Us page accessed
[2025-10-08 14:55:17,907] INFO phishield - About Us page accessed
[2025-10-08 14:55:18,591] INFO phishield - History accessed by: gave
[2025-10-08 14:55:22,080] INFO phishield - Dashboard accessed by: gave
[2025-10-08 16:55:12,737] INFO phishield - About Us page accessed
[2025-10-08 16:55:13,838] INFO phishield - About Us page accessed
[2025-10-08 16:55:31,803] INFO phishield - About Us page accessed
[2025-10-08 16:55:37,873] INFO phishield - About Us page accessed
[2025-10-08 16:55:48,668] INFO phishield - About Us page accessed
[2025-10-08 16:56:56,951] INFO phishield - About Us page accessed
[2025-10-08 16:57:07,796] INFO phishield - About Us page accessed
[2025-10-08 16:57:22,125] INFO phishield - About Us page accessed
[2025-10-08 16:58:56,211] INFO phishield - About Us page accessed
[2025-10-08 16:59:48,164] INFO phishield - About Us page accessed
[2025-10-08 17:01:38,034] INFO phishield - About Us page accessed
[2025-10-08 17:01:58,084] INFO phishield - About Us page accessed
[2025-10-08 17:02:44,453] INFO phishield - History accessed by: gave
[2025-10-08 17:03:50,323] INFO phishield - History accessed by: gave
[2025-10-08 17:04:02,098] INFO phishield - About Us page accessed
[2025-10-08 17:04:04,893] INFO phishield - About Us page accessed
[2025-10-08 17:04:05,942] INFO phishield - History accessed by: gave
[2025-10-08 17:05:06,957] INFO phishield - History accessed by: gave
[2025-10-08 17:05:54,083] INFO phishield - History accessed by: gave
[2025-10-08 17:06:11,964] INFO phishield - History accessed by: gave
[2025-10-08 17:06:26,554] INFO phishield - History accessed by: gave
[2025-10-08 17:06:26,755] INFO phishield - History accessed by: gave
[2025-10-08 17:06:26,929] INFO phishield - History accessed by: gave
[2025-10-08 17:07:08,541] INFO phishield - History accessed by: gave
[2025-10-08 17:07:21,149] INFO phishield - Dashboard accessed by: gave
[2025-10-08 17:07:47,629] INFO phishield - Dashboard accessed by: gave
[2025-10-08 17:08:39,529] INFO phishield - History accessed by: gave
[2025-10-08 17:08:40,187] INFO phishield - About Us page accessed
[2025-10-08 17:08:42,046] INFO phishield - Dashboard accessed by: gave
[2025-10-09 11:18:19,211] INFO phishield - Dashboard accessed by: gave
[2025-10-09 11:18:47,031] INFO phishield - Dashboard accessed by: gave
[2025-10-09 11:19:01,263] INFO phishield - Dashboard accessed by: gave
[2025-10-09 11:19:08,762] INFO phishield - Dashboard accessed by: gave
[2025-10-09 11:19:39,332] INFO phishield - Dashboard accessed by: gave
[2025-10-09 11:19:43,723] INFO phishield - Dashboard accessed by: gave
[2025-10-09 11:19:50,270] INFO phishield - Dashboard accessed by: gave
[2025-10-09 11:19:55,991] INFO phishield - History accessed by: gave
[2025-10-09 11:20:24,063] INFO phishield - About Us page accessed
[2025-10-09 11:21:00,033] INFO phishield - About Us page accessed
[2025-10-09 11:21:02,476] INFO phishield - Profile accessed by: gave
[2025-10-09 11:21:17,482] INFO phishield - Dashboard accessed by: gave
[2025-10-09 11:21:19,942] INFO phishield - History accessed by: gave
[2025-10-09 11:21:21,476] INFO phishield - About Us page accessed
[2025-10-09 11:21:22,178] INFO phishield - History accessed by: gave
[2025-10-09 11:21:24,603] INFO phishield - About Us page accessed
[2025-10-09 11:21:55,735] INFO phishield - Dashboard accessed by: gave
[2025-10-09 11:21:57,740] INFO phishield - About Us page accessed
[2025-10-09 11:21:59,477] INFO phishield - Dashboard accessed by: gave
