INFO 2025-10-02 12:21:18,353 views Dashboard accessed by: Michelle
INFO 2025-10-02 12:40:43,804 views User registered and auto-verified: Michael
INFO 2025-10-02 12:40:43,818 views Dashboard accessed by: Michael
INFO 2025-10-02 12:41:30,594 views History accessed by: Michael
INFO 2025-10-02 12:41:34,171 views About Us page accessed
INFO 2025-10-02 12:55:22,759 views Dashboard accessed by: Michael
INFO 2025-10-02 12:55:27,719 views Dashboard accessed by: Michael
INFO 2025-10-02 12:55:44,545 views History accessed by: Michael
INFO 2025-10-02 12:59:00,422 views Dashboard accessed by: Michael
INFO 2025-10-02 12:59:47,270 views URL check by Michael: https://www.instagram.com/
INFO 2025-10-02 12:59:47,280 views URL analysis completed - Risk: safe
INFO 2025-10-02 13:01:22,832 views Message analysis by Michael
INFO 2025-10-02 13:01:22,842 views Message analysis completed - Risk: suspicious
[2025-10-02 13:53:17,964] INFO django.utils.autoreload - Watching for file changes with StatReloader
[2025-10-02 14:00:06,490] INFO django.utils.autoreload - Watching for file changes with StatReloader
[2025-10-02 14:00:10,111] INFO django.server - "GET / HTTP/1.1" 302 0
[2025-10-02 14:00:10,124] INFO phishield - Dashboard accessed by: Michael
[2025-10-02 14:00:10,208] INFO django.server - "GET /dashboard/ HTTP/1.1" 200 14830
[2025-10-02 14:00:19,102] INFO phishield - Profile accessed by: Michael
[2025-10-02 14:00:19,134] INFO django.server - "GET /profile/ HTTP/1.1" 200 21303
[2025-10-02 14:00:24,653] INFO django.server - "GET /profile/edit/ HTTP/1.1" 200 19027
[2025-10-02 14:02:47,744] INFO phishield - Profile updated by: Michael
[2025-10-02 14:02:47,748] INFO django.server - "POST /profile/edit/ HTTP/1.1" 302 0
[2025-10-02 14:02:47,758] INFO phishield - Profile accessed by: Michael
[2025-10-02 14:02:47,768] INFO django.server - "GET /profile/ HTTP/1.1" 200 21941
[2025-10-02 14:03:11,342] INFO django.server - "GET /settings/ HTTP/1.1" 200 20023
[2025-10-02 14:03:22,499] INFO django.server - "GET /profile/change-password/ HTTP/1.1" 200 21118
[2025-10-02 14:03:36,335] INFO phishield - Profile accessed by: Michael
[2025-10-02 14:03:36,349] INFO django.server - "GET /profile/ HTTP/1.1" 200 21299
[2025-10-02 14:05:28,956] INFO phishield - Dashboard accessed by: Michael
[2025-10-02 14:05:28,963] INFO django.server - "GET /dashboard/ HTTP/1.1" 200 14162
[2025-10-02 14:05:32,454] INFO phishield - History accessed by: Michael
[2025-10-02 14:05:32,461] INFO django.server - "GET /history/ HTTP/1.1" 200 13269
[2025-10-02 14:05:55,880] INFO django.server - "GET /logs/ HTTP/1.1" 302 0
[2025-10-02 14:05:55,887] INFO phishield - Dashboard accessed by: Michael
[2025-10-02 14:05:55,894] INFO django.server - "GET /dashboard/ HTTP/1.1" 200 14832
[2025-10-02 14:06:00,638] INFO django.server - "GET /analysis-logs/ HTTP/1.1" 302 0
[2025-10-02 14:06:00,646] INFO phishield - Dashboard accessed by: Michael
[2025-10-02 14:06:00,655] INFO django.server - "GET /dashboard/ HTTP/1.1" 200 14841
[2025-10-02 14:06:03,499] INFO django.server - "GET /logs/ HTTP/1.1" 302 0
[2025-10-02 14:06:03,506] INFO phishield - Dashboard accessed by: Michael
[2025-10-02 14:06:03,513] INFO django.server - "GET /dashboard/ HTTP/1.1" 200 14826
[2025-10-02 14:06:06,654] INFO django.server - "GET /contact/ HTTP/1.1" 200 16818
[2025-10-02 14:06:13,983] INFO phishield - History accessed by: Michael
[2025-10-02 14:06:13,991] INFO django.server - "GET /history/ HTTP/1.1" 200 13269
[2025-10-02 14:06:15,301] INFO django.server - "GET /analyze-message/ HTTP/1.1" 200 11789
[2025-10-02 14:06:16,139] INFO django.server - "GET /check-link/ HTTP/1.1" 200 11733
[2025-10-02 14:06:16,743] INFO phishield - Dashboard accessed by: Michael
[2025-10-02 14:06:16,750] INFO django.server - "GET /dashboard/ HTTP/1.1" 200 14162
[2025-10-02 14:08:05,871] INFO django.server - "GET /contact/ HTTP/1.1" 200 16818
[2025-10-02 14:08:06,714] INFO phishield - About Us page accessed
[2025-10-02 14:08:06,730] INFO django.server - "GET /about/ HTTP/1.1" 200 18869
[2025-10-02 14:08:09,200] INFO django.server - "GET /analyze-message/ HTTP/1.1" 200 11789
[2025-10-02 14:08:10,818] INFO phishield - Dashboard accessed by: Michael
[2025-10-02 14:08:10,825] INFO django.server - "GET /dashboard/ HTTP/1.1" 200 14166
[2025-10-02 14:11:49,880] INFO django.utils.autoreload - Watching for file changes with StatReloader
[2025-10-02 14:11:53,488] INFO django.server - "GET / HTTP/1.1" 302 0
[2025-10-02 14:11:53,498] INFO phishield - Dashboard accessed by: Michael
[2025-10-02 14:11:53,544] INFO django.server - "GET /dashboard/ HTTP/1.1" 200 21479
[2025-10-02 14:12:07,731] INFO django.server - "GET /analyze-message/ HTTP/1.1" 200 11789
[2025-10-02 14:12:11,040] INFO phishield - Dashboard accessed by: Michael
[2025-10-02 14:12:11,047] INFO django.server - "GET /dashboard/ HTTP/1.1" 200 21471
[2025-10-02 14:15:45,222] INFO django.utils.autoreload - Watching for file changes with StatReloader
[2025-10-02 14:15:47,701] INFO django.server - "GET / HTTP/1.1" 302 0
[2025-10-02 14:15:47,712] INFO phishield - Dashboard accessed by: Michael
[2025-10-02 14:15:47,751] INFO django.server - "GET /dashboard/ HTTP/1.1" 200 21497
[2025-10-02 14:15:54,741] INFO phishield - Profile accessed by: Michael
[2025-10-02 14:15:54,756] INFO django.server - "GET /profile/ HTTP/1.1" 200 21301
[2025-10-02 14:16:05,255] INFO django.server - "GET /contact/ HTTP/1.1" 200 16818
[2025-10-02 14:16:08,248] INFO phishield - Dashboard accessed by: Michael
[2025-10-02 14:16:08,255] INFO django.server - "GET /dashboard/ HTTP/1.1" 200 21490
[2025-10-02 14:22:46,565] INFO django.utils.autoreload - Watching for file changes with StatReloader
[2025-10-02 14:22:52,092] INFO django.server - "GET / HTTP/1.1" 302 0
[2025-10-02 14:22:52,109] INFO phishield - Dashboard accessed by: Michael
[2025-10-02 14:22:52,147] INFO django.server - "GET /dashboard/ HTTP/1.1" 200 26161
[2025-10-02 14:23:13,844] INFO phishield - Dashboard accessed by: Michael
[2025-10-02 14:23:13,853] INFO django.server - "GET /dashboard/ HTTP/1.1" 200 26161
[2025-10-02 14:23:14,893] INFO django.server - "GET /check-link/ HTTP/1.1" 200 11733
[2025-10-02 14:23:15,876] INFO django.server - "GET /analyze-message/ HTTP/1.1" 200 11789
[2025-10-02 14:23:18,203] INFO phishield - History accessed by: Michael
[2025-10-02 14:23:18,220] INFO django.server - "GET /history/ HTTP/1.1" 200 13269
[2025-10-02 14:23:19,989] INFO phishield - About Us page accessed
[2025-10-02 14:23:19,999] INFO django.server - "GET /about/ HTTP/1.1" 200 18869
[2025-10-02 14:23:21,105] INFO django.server - "GET /contact/ HTTP/1.1" 200 16818
[2025-10-02 14:23:22,148] INFO django.server - "GET /contact/ HTTP/1.1" 200 16818
[2025-10-02 14:23:22,851] INFO phishield - About Us page accessed
[2025-10-02 14:23:22,863] INFO django.server - "GET /about/ HTTP/1.1" 200 18869
[2025-10-02 14:23:23,659] INFO phishield - Dashboard accessed by: Michael
[2025-10-02 14:23:23,665] INFO django.server - "GET /dashboard/ HTTP/1.1" 200 26143
[2025-10-02 14:23:37,052] INFO phishield - Profile accessed by: Michael
[2025-10-02 14:23:37,062] INFO django.server - "GET /profile/ HTTP/1.1" 200 21301
[2025-10-02 14:26:06,125] INFO phishield - Dashboard accessed by: Michael
[2025-10-02 14:26:06,132] INFO django.server - "GET /dashboard/ HTTP/1.1" 200 26170
[2025-10-02 14:43:17,200] INFO django.utils.autoreload - Watching for file changes with StatReloader
[2025-10-02 14:45:00,377] INFO django.server - "GET / HTTP/1.1" 302 0
[2025-10-02 14:45:00,391] INFO phishield - Dashboard accessed by: Michael
[2025-10-02 14:45:00,433] INFO django.server - "GET /dashboard/ HTTP/1.1" 200 43446
[2025-10-02 14:45:50,637] INFO django.server - "GET /contact/ HTTP/1.1" 200 16818
[2025-10-02 14:45:51,747] INFO phishield - About Us page accessed
[2025-10-02 14:45:51,761] INFO django.server - "GET /about/ HTTP/1.1" 200 18869
[2025-10-02 14:45:56,760] INFO phishield - Dashboard accessed by: Michael
[2025-10-02 14:45:56,767] INFO django.server - "GET /dashboard/ HTTP/1.1" 200 43444
[2025-10-02 14:47:14,010] INFO phishield - Profile accessed by: Michael
[2025-10-02 14:47:14,027] INFO django.server - "GET /profile/ HTTP/1.1" 200 21301
[2025-10-02 14:49:32,314] INFO phishield - Dashboard accessed by: Michael
[2025-10-02 14:49:32,322] INFO django.server - "GET /dashboard/ HTTP/1.1" 200 43442
[2025-10-02 14:49:46,425] INFO phishield - Dashboard accessed by: Michael
[2025-10-02 14:49:46,438] INFO django.server - "GET /dashboard/ HTTP/1.1" 200 43455
[2025-10-02 15:03:31,877] INFO django.utils.autoreload - Watching for file changes with StatReloader
[2025-10-02 15:03:40,798] INFO django.server - "GET / HTTP/1.1" 302 0
[2025-10-02 15:03:40,812] INFO phishield - Dashboard accessed by: Michael
[2025-10-02 15:03:40,835] INFO django.server - "GET /dashboard/ HTTP/1.1" 200 43455
[2025-10-02 15:03:58,843] INFO phishield - History accessed by: Michael
[2025-10-02 15:03:58,862] INFO django.server - "GET /history/ HTTP/1.1" 200 13269
[2025-10-02 15:04:04,273] INFO phishield - Dashboard accessed by: Michael
[2025-10-02 15:04:04,286] INFO django.server - "GET /dashboard/ HTTP/1.1" 200 43446
[2025-10-02 15:11:42,616] INFO django.utils.autoreload - Watching for file changes with StatReloader
[2025-10-02 15:11:45,184] INFO django.server - "GET / HTTP/1.1" 302 0
[2025-10-02 15:11:45,197] INFO phishield - Dashboard accessed by: Michael
[2025-10-02 15:11:45,236] INFO django.server - "GET /dashboard/ HTTP/1.1" 200 42751
[2025-10-02 15:12:18,530] INFO phishield - History accessed by: Michael
[2025-10-02 15:12:18,546] INFO django.server - "GET /history/ HTTP/1.1" 200 13269
[2025-10-02 15:12:21,801] INFO phishield - Dashboard accessed by: Michael
[2025-10-02 15:12:21,807] INFO django.server - "GET /dashboard/ HTTP/1.1" 200 42742
[2025-10-02 15:13:05,553] INFO django.server - "GET /check-link/ HTTP/1.1" 200 11733
[2025-10-02 15:13:06,393] INFO django.server - "GET /analyze-message/ HTTP/1.1" 200 11789
[2025-10-02 15:13:07,181] INFO django.server - "GET /check-link/ HTTP/1.1" 200 11733
[2025-10-02 15:13:08,005] INFO django.server - "GET /check-link/ HTTP/1.1" 200 11733
[2025-10-02 15:13:08,429] INFO phishield - Dashboard accessed by: Michael
[2025-10-02 15:13:08,435] INFO django.server - "GET /dashboard/ HTTP/1.1" 200 42753
[2025-10-02 15:18:58,116] INFO django.utils.autoreload - Watching for file changes with StatReloader
[2025-10-02 15:19:02,029] INFO django.server - "GET / HTTP/1.1" 302 0
[2025-10-02 15:19:02,044] INFO phishield - Dashboard accessed by: Michael
[2025-10-02 15:19:02,088] INFO django.server - "GET /dashboard/ HTTP/1.1" 200 23242
[2025-10-02 15:24:33,095] INFO django.utils.autoreload - Watching for file changes with StatReloader
[2025-10-02 15:24:37,297] INFO django.server - "GET / HTTP/1.1" 302 0
[2025-10-02 15:24:37,307] INFO phishield - Dashboard accessed by: Michael
[2025-10-02 15:24:37,346] INFO django.server - "GET /dashboard/ HTTP/1.1" 200 42740
[2025-10-02 15:30:04,387] INFO django.utils.autoreload - Watching for file changes with StatReloader
[2025-10-02 15:30:26,527] INFO django.server - "GET / HTTP/1.1" 302 0
[2025-10-02 15:30:26,538] INFO phishield - Dashboard accessed by: Michael
[2025-10-02 15:30:26,571] INFO django.server - "GET /dashboard/ HTTP/1.1" 200 43457
[2025-10-02 15:30:48,402] INFO phishield - History accessed by: Michael
[2025-10-02 15:30:48,417] INFO django.server - "GET /history/ HTTP/1.1" 200 13269
[2025-10-02 15:30:52,998] INFO django.server - "GET /check-link/ HTTP/1.1" 200 11733
[2025-10-02 15:30:54,194] INFO django.server - "GET /analyze-message/ HTTP/1.1" 200 11789
[2025-10-02 15:30:54,929] INFO phishield - History accessed by: Michael
[2025-10-02 15:30:54,937] INFO django.server - "GET /history/ HTTP/1.1" 200 13269
[2025-10-02 15:30:55,785] INFO django.server - "GET /contact/ HTTP/1.1" 200 16818
[2025-10-02 15:31:02,357] INFO phishield - Dashboard accessed by: Michael
[2025-10-02 15:31:02,364] INFO django.server - "GET /dashboard/ HTTP/1.1" 200 43446
[2025-10-02 15:40:53,395] INFO django.utils.autoreload - Watching for file changes with StatReloader
[2025-10-02 15:40:56,591] INFO django.server - "GET / HTTP/1.1" 302 0
[2025-10-02 15:40:56,602] INFO phishield - Dashboard accessed by: Michael
[2025-10-02 15:40:56,643] INFO django.server - "GET /dashboard/ HTTP/1.1" 200 44958
[2025-10-02 16:01:48,797] INFO django.utils.autoreload - Watching for file changes with StatReloader
[2025-10-02 16:01:53,703] INFO django.server - "GET / HTTP/1.1" 302 0
[2025-10-02 16:01:53,714] INFO phishield - Dashboard accessed by: Michael
[2025-10-02 16:01:53,750] INFO django.server - "GET /dashboard/ HTTP/1.1" 200 45902
[2025-10-02 16:03:16,755] INFO django.utils.autoreload - Watching for file changes with StatReloader
[2025-10-02 16:03:19,552] INFO django.server - "GET / HTTP/1.1" 302 0
[2025-10-02 16:03:19,562] INFO phishield - Dashboard accessed by: Michael
[2025-10-02 16:03:19,597] INFO django.server - "GET /dashboard/ HTTP/1.1" 200 26158
[2025-10-02 16:05:00,779] INFO django.utils.autoreload - Watching for file changes with StatReloader
[2025-10-02 16:05:02,926] INFO django.server - "GET / HTTP/1.1" 302 0
[2025-10-02 16:05:02,940] INFO phishield - Dashboard accessed by: Michael
[2025-10-02 16:05:02,979] INFO django.server - "GET /dashboard/ HTTP/1.1" 200 37904
[2025-10-02 16:12:05,105] INFO django.utils.autoreload - Watching for file changes with StatReloader
[2025-10-02 16:12:22,009] INFO django.server - "GET / HTTP/1.1" 302 0
[2025-10-02 16:12:22,021] INFO phishield - Dashboard accessed by: Michael
[2025-10-02 16:12:22,083] INFO django.server - "GET /dashboard/ HTTP/1.1" 200 24464
[2025-10-02 16:19:56,919] INFO django.utils.autoreload - Watching for file changes with StatReloader
[2025-10-02 16:19:59,312] INFO django.server - "GET / HTTP/1.1" 302 0
[2025-10-02 16:19:59,328] INFO phishield - Dashboard accessed by: Michael
[2025-10-02 16:19:59,368] INFO django.server - "GET /dashboard/ HTTP/1.1" 200 38204
[2025-10-02 16:20:31,065] INFO phishield - About Us page accessed
[2025-10-02 16:20:31,091] INFO django.server - "GET /about/ HTTP/1.1" 200 18869
[2025-10-02 16:20:32,245] INFO phishield - History accessed by: Michael
[2025-10-02 16:20:32,282] INFO django.server - "GET /history/ HTTP/1.1" 200 13269
[2025-10-02 16:20:32,876] INFO django.server - "GET /analyze-message/ HTTP/1.1" 200 11789
[2025-10-02 16:20:33,462] INFO django.server - "GET /analyze-message/ HTTP/1.1" 200 11789
[2025-10-02 16:20:34,576] INFO django.server - "GET /check-link/ HTTP/1.1" 200 11733
[2025-10-02 16:20:36,841] INFO phishield - Dashboard accessed by: Michael
[2025-10-02 16:20:36,850] INFO django.server - "GET /dashboard/ HTTP/1.1" 200 38213
[2025-10-02 16:26:04,966] INFO django.utils.autoreload - Watching for file changes with StatReloader
[2025-10-02 16:26:06,352] INFO django.server - "GET / HTTP/1.1" 302 0
[2025-10-02 16:26:06,369] INFO phishield - Dashboard accessed by: Michael
[2025-10-02 16:26:06,407] INFO django.server - "GET /dashboard/ HTTP/1.1" 200 43455
[2025-10-02 16:26:15,543] INFO django.server - "GET /check-link/ HTTP/1.1" 200 11733
[2025-10-02 16:26:16,305] INFO phishield - Dashboard accessed by: Michael
[2025-10-02 16:26:16,312] INFO django.server - "GET /dashboard/ HTTP/1.1" 200 43455
[2025-10-02 16:26:31,332] INFO phishield - History accessed by: Michael
[2025-10-02 16:26:31,356] INFO django.server - "GET /history/ HTTP/1.1" 200 13269
[2025-10-02 16:26:37,354] INFO phishield - Dashboard accessed by: Michael
[2025-10-02 16:26:37,369] INFO django.server - "GET /dashboard/ HTTP/1.1" 200 43428
[2025-10-02 16:26:55,260] INFO phishield - Dashboard accessed by: Michael
[2025-10-02 16:26:55,267] INFO django.server - "GET /dashboard/ HTTP/1.1" 200 43428
[2025-10-02 16:26:55,658] INFO django.server - "GET /check-link/ HTTP/1.1" 200 11733
[2025-10-02 16:26:59,261] INFO phishield - Dashboard accessed by: Michael
[2025-10-02 16:26:59,269] INFO django.server - "GET /dashboard/ HTTP/1.1" 200 43444
[2025-10-02 16:28:42,587] INFO django.utils.autoreload - Watching for file changes with StatReloader
[2025-10-02 16:28:45,378] INFO django.server - "GET / HTTP/1.1" 302 0
[2025-10-02 16:28:45,392] INFO phishield - Dashboard accessed by: Michael
[2025-10-02 16:28:45,431] INFO django.server - "GET /dashboard/ HTTP/1.1" 200 35876
[2025-10-02 16:34:44,263] INFO django.utils.autoreload - Watching for file changes with StatReloader
[2025-10-02 16:34:46,116] INFO django.server - "GET / HTTP/1.1" 302 0
[2025-10-02 16:34:46,126] INFO phishield - Dashboard accessed by: Michael
[2025-10-02 16:34:46,157] INFO django.server - "GET /dashboard/ HTTP/1.1" 200 14146
[2025-10-02 16:36:55,151] INFO django.utils.autoreload - Watching for file changes with StatReloader
[2025-10-02 16:36:56,970] INFO django.server - "GET / HTTP/1.1" 302 0
[2025-10-02 16:36:56,979] INFO phishield - Dashboard accessed by: Michael
[2025-10-02 16:36:57,016] INFO django.server - "GET /dashboard/ HTTP/1.1" 200 43444
[2025-10-02 16:38:42,637] INFO django.utils.autoreload - Watching for file changes with StatReloader
[2025-10-02 16:38:44,874] INFO django.server - "GET / HTTP/1.1" 302 0
[2025-10-02 16:38:44,887] INFO phishield - Dashboard accessed by: Michael
[2025-10-02 16:38:44,920] INFO django.server - "GET /dashboard/ HTTP/1.1" 200 43923
[2025-10-02 16:38:59,693] INFO django.server - "GET /check-link/ HTTP/1.1" 200 11733
[2025-10-02 16:39:00,909] INFO django.server - "GET /analyze-message/ HTTP/1.1" 200 11789
[2025-10-02 16:39:02,182] INFO django.server - "GET /analyze-message/ HTTP/1.1" 200 11789
[2025-10-02 16:39:03,586] INFO django.server - "GET /check-link/ HTTP/1.1" 200 11733
[2025-10-02 16:39:04,442] INFO django.server - "GET /analyze-message/ HTTP/1.1" 200 11789
[2025-10-02 16:39:04,853] INFO phishield - History accessed by: Michael
[2025-10-02 16:39:04,877] INFO django.server - "GET /history/ HTTP/1.1" 200 13269
[2025-10-02 16:39:10,882] INFO phishield - History accessed by: Michael
[2025-10-02 16:39:10,889] INFO django.server - "GET /history/ HTTP/1.1" 200 13269
[2025-10-02 16:39:11,619] INFO phishield - About Us page accessed
[2025-10-02 16:39:11,632] INFO django.server - "GET /about/ HTTP/1.1" 200 18869
[2025-10-02 16:44:24,337] INFO django.utils.autoreload - Watching for file changes with StatReloader
[2025-10-02 16:44:27,086] INFO django.server - "GET / HTTP/1.1" 302 0
[2025-10-02 16:44:27,098] INFO phishield - Dashboard accessed by: Michael
[2025-10-02 16:44:27,118] INFO django.server - "GET /dashboard/ HTTP/1.1" 200 43941
[2025-10-02 16:44:33,009] INFO phishield - History accessed by: Michael
[2025-10-02 16:44:33,065] INFO django.server - "GET /history/ HTTP/1.1" 200 27835
[2025-10-02 16:45:22,064] INFO phishield - Dashboard accessed by: Michael
[2025-10-02 16:45:22,073] INFO django.server - "GET /dashboard/ HTTP/1.1" 200 43941
[2025-10-02 16:45:22,839] INFO django.server - "GET /check-link/ HTTP/1.1" 200 11733
[2025-10-02 16:45:31,354] INFO phishield - History accessed by: Michael
[2025-10-02 16:45:31,361] INFO django.server - "GET /history/ HTTP/1.1" 200 27835
[2025-10-02 16:45:36,460] INFO phishield - About Us page accessed
[2025-10-02 16:45:36,472] INFO django.server - "GET /about/ HTTP/1.1" 200 18869
[2025-10-02 16:50:54,930] INFO django.utils.autoreload - Watching for file changes with StatReloader
[2025-10-02 16:51:02,797] INFO django.server - "GET / HTTP/1.1" 302 0
[2025-10-02 16:51:02,814] INFO phishield - Dashboard accessed by: Michael
[2025-10-02 16:51:02,836] INFO django.server - "GET /dashboard/ HTTP/1.1" 200 43941
[2025-10-02 16:51:05,209] INFO phishield - History accessed by: Michael
[2025-10-02 16:51:05,226] INFO django.server - "GET /history/ HTTP/1.1" 200 27835
[2025-10-02 16:51:12,388] INFO django.server - "GET /check-link/ HTTP/1.1" 200 11733
[2025-10-02 16:51:14,242] INFO phishield - History accessed by: Michael
[2025-10-02 16:51:14,250] INFO django.server - "GET /history/ HTTP/1.1" 200 27835
[2025-10-02 16:51:15,556] INFO django.server - "GET /analyze-message/ HTTP/1.1" 200 11789
[2025-10-02 16:51:16,421] INFO phishield - About Us page accessed
[2025-10-02 16:51:16,445] INFO django.server - "GET /about/ HTTP/1.1" 200 33681
[2025-10-02 16:52:01,987] INFO django.server - "GET /contact/ HTTP/1.1" 200 16818
[2025-10-02 16:52:04,229] INFO phishield - About Us page accessed
[2025-10-02 16:52:04,241] INFO django.server - "GET /about/ HTTP/1.1" 200 33681
[2025-10-02 17:29:07,923] INFO phishield - History accessed by: Michael
[2025-10-02 17:29:07,939] INFO django.server - "GET /history/ HTTP/1.1" 200 27835
[2025-10-02 17:29:09,566] INFO django.server - "GET /analyze-message/ HTTP/1.1" 200 11789
[2025-10-02 17:29:10,494] INFO django.server - "GET /check-link/ HTTP/1.1" 200 11733
[2025-10-02 17:29:11,616] INFO django.server - "GET /analyze-message/ HTTP/1.1" 200 11789
[2025-10-02 17:29:12,373] INFO phishield - About Us page accessed
[2025-10-02 17:29:12,397] INFO django.server - "GET /about/ HTTP/1.1" 200 34156
[2025-10-02 17:36:15,854] INFO phishield - Dashboard accessed by: Michael
[2025-10-02 17:36:15,863] INFO django.server - "GET /dashboard/ HTTP/1.1" 200 43941
[2025-10-02 17:36:17,349] INFO django.server - "GET /check-link/ HTTP/1.1" 200 11733
[2025-10-02 17:37:09,207] INFO django.utils.autoreload - Watching for file changes with StatReloader
[2025-10-02 17:37:13,220] INFO django.server - "GET / HTTP/1.1" 302 0
[2025-10-02 17:37:13,234] INFO phishield - Dashboard accessed by: Michael
[2025-10-02 17:37:13,258] INFO django.server - "GET /dashboard/ HTTP/1.1" 200 43923
[2025-10-02 17:37:17,107] INFO phishield - About Us page accessed
[2025-10-02 17:37:17,121] INFO django.server - "GET /about/ HTTP/1.1" 200 18869
[2025-10-02 17:37:27,742] INFO django.server - "GET /contact/ HTTP/1.1" 200 16818
[2025-10-02 17:37:29,999] INFO django.server - "GET /check-link/ HTTP/1.1" 200 11733
[2025-10-02 17:37:30,535] INFO django.server - "GET /analyze-message/ HTTP/1.1" 200 11789
[2025-10-02 17:37:33,966] INFO django.server - "GET /logs/ HTTP/1.1" 302 0
[2025-10-02 17:37:33,974] INFO phishield - Dashboard accessed by: Michael
[2025-10-02 17:37:33,984] INFO django.server - "GET /dashboard/ HTTP/1.1" 200 44591
[2025-10-02 17:37:46,865] INFO phishield - Profile accessed by: Michael
[2025-10-02 17:37:46,902] INFO django.server - "GET /profile/ HTTP/1.1" 200 21303
[2025-10-02 17:37:50,502] INFO django.server - "GET /profile/edit/ HTTP/1.1" 200 19059
[2025-10-02 17:37:53,803] INFO phishield - Profile accessed by: Michael
[2025-10-02 17:37:53,811] INFO django.server - "GET /profile/ HTTP/1.1" 200 21303
[2025-10-02 17:37:59,587] INFO django.server - "POST /logout/ HTTP/1.1" 302 0
[2025-10-02 17:37:59,804] ERROR django.server - "GET /login/ HTTP/1.1" 500 160806
[2025-10-02 17:43:59,449] INFO django.utils.autoreload - D:\PhiShield\phishield_project\urls.py changed, reloading.
[2025-10-02 17:43:59,964] INFO django.utils.autoreload - Watching for file changes with StatReloader
[2025-10-02 17:46:07,545] INFO django.utils.autoreload - D:\PhiShield\phishield_project\urls.py changed, reloading.
[2025-10-02 17:46:08,088] INFO django.utils.autoreload - Watching for file changes with StatReloader
[2025-10-02 17:49:23,442] INFO django.utils.autoreload - D:\PhiShield\phishield_project\urls.py changed, reloading.
[2025-10-02 17:49:23,976] INFO django.utils.autoreload - Watching for file changes with StatReloader
[2025-10-02 17:50:06,351] INFO django.utils.autoreload - D:\PhiShield\phishield_project\urls.py changed, reloading.
[2025-10-02 17:50:06,951] INFO django.utils.autoreload - Watching for file changes with StatReloader
[2025-10-02 17:51:03,078] INFO django.utils.autoreload - Watching for file changes with StatReloader
[2025-10-02 17:51:51,534] INFO django.utils.autoreload - D:\PhiShield\phishield_project\urls.py changed, reloading.
[2025-10-02 17:51:51,788] INFO django.utils.autoreload - D:\PhiShield\phishield_project\urls.py changed, reloading.
[2025-10-02 17:51:52,129] INFO django.utils.autoreload - Watching for file changes with StatReloader
[2025-10-02 17:51:52,356] INFO django.utils.autoreload - Watching for file changes with StatReloader
[2025-10-02 17:51:57,471] INFO django.utils.autoreload - D:\PhiShield\phishield_project\urls.py changed, reloading.
[2025-10-02 17:51:57,691] INFO django.utils.autoreload - D:\PhiShield\phishield_project\urls.py changed, reloading.
[2025-10-02 17:51:58,049] INFO django.utils.autoreload - Watching for file changes with StatReloader
[2025-10-02 17:51:58,273] INFO django.utils.autoreload - Watching for file changes with StatReloader
[2025-10-02 17:52:00,321] INFO django.utils.autoreload - D:\PhiShield\phishield_project\urls.py changed, reloading.
[2025-10-02 17:52:00,553] INFO django.utils.autoreload - D:\PhiShield\phishield_project\urls.py changed, reloading.
[2025-10-02 17:52:00,866] INFO django.utils.autoreload - Watching for file changes with StatReloader
[2025-10-02 17:52:01,103] INFO django.utils.autoreload - Watching for file changes with StatReloader
[2025-10-02 17:52:02,134] INFO django.utils.autoreload - D:\PhiShield\phishield_project\urls.py changed, reloading.
[2025-10-02 17:52:02,367] INFO django.utils.autoreload - D:\PhiShield\phishield_project\urls.py changed, reloading.
[2025-10-02 17:52:02,700] INFO django.utils.autoreload - Watching for file changes with StatReloader
[2025-10-02 17:52:02,958] INFO django.utils.autoreload - Watching for file changes with StatReloader
[2025-10-02 17:52:03,998] INFO django.utils.autoreload - D:\PhiShield\phishield_project\urls.py changed, reloading.
[2025-10-02 17:52:04,606] INFO django.utils.autoreload - Watching for file changes with StatReloader
[2025-10-02 17:56:19,757] INFO django.utils.autoreload - Watching for file changes with StatReloader
[2025-10-02 17:56:23,145] INFO django.server - "GET / HTTP/1.1" 200 3498
[2025-10-02 17:56:25,039] INFO django.server - "GET /login/ HTTP/1.1" 200 12094
[2025-10-02 17:56:37,976] INFO django.server - "POST /login/ HTTP/1.1" 302 0
[2025-10-02 17:56:37,984] INFO phishield - Dashboard accessed by: habon
[2025-10-02 17:56:37,995] INFO django.server - "GET /dashboard/ HTTP/1.1" 200 48474
[2025-10-02 17:56:45,751] INFO phishield - Dashboard accessed by: habon
[2025-10-02 17:56:45,759] INFO django.server - "GET /dashboard/ HTTP/1.1" 200 48470
[2025-10-02 17:56:47,112] INFO django.server - "GET /check-link/ HTTP/1.1" 200 11731
[2025-10-02 17:56:47,671] INFO django.server - "GET /analyze-message/ HTTP/1.1" 200 11787
[2025-10-02 17:56:48,288] INFO phishield - History accessed by: habon
[2025-10-02 17:56:48,307] INFO django.server - "GET /history/ HTTP/1.1" 200 32644
[2025-10-02 17:56:52,468] INFO phishield - About Us page accessed
[2025-10-02 17:56:52,479] INFO django.server - "GET /about/ HTTP/1.1" 200 18867
[2025-10-02 17:56:53,642] INFO django.server - "GET /contact/ HTTP/1.1" 200 16816
[2025-10-02 17:56:54,419] INFO phishield - About Us page accessed
[2025-10-02 17:56:54,429] INFO django.server - "GET /about/ HTTP/1.1" 200 18867
[2025-10-02 17:56:54,933] INFO phishield - History accessed by: habon
[2025-10-02 17:56:54,940] INFO django.server - "GET /history/ HTTP/1.1" 200 32644
[2025-10-02 17:56:55,324] INFO django.server - "GET /analyze-message/ HTTP/1.1" 200 11787
[2025-10-02 17:56:56,135] INFO django.server - "GET /check-link/ HTTP/1.1" 200 11731
[2025-10-02 17:56:57,610] INFO phishield - Dashboard accessed by: habon
[2025-10-02 17:56:57,622] INFO django.server - "GET /dashboard/ HTTP/1.1" 200 48458
[2025-10-02 17:57:06,510] INFO phishield - Dashboard accessed by: habon
[2025-10-02 17:57:06,517] INFO django.server - "GET /dashboard/ HTTP/1.1" 200 48476
[2025-10-02 17:57:08,015] INFO django.server - "GET /check-link/ HTTP/1.1" 200 11731
[2025-10-02 17:57:08,850] INFO django.server - "GET /analyze-message/ HTTP/1.1" 200 11787
[2025-10-02 17:57:11,492] ERROR django.server - "GET /analysis-logs/ HTTP/1.1" 500 98089
[2025-10-02 17:57:21,565] INFO phishield - Logs viewed by: habon
[2025-10-02 17:57:21,588] ERROR django.server - "GET /logs/ HTTP/1.1" 500 110889
[2025-10-02 17:57:25,815] INFO phishield - Profile accessed by: habon
[2025-10-02 17:57:25,827] INFO django.server - "GET /profile/ HTTP/1.1" 200 25580
[2025-10-02 17:57:38,482] INFO django.server - "POST /logout/ HTTP/1.1" 302 0
[2025-10-02 17:57:38,485] INFO django.server - "GET /login/ HTTP/1.1" 200 12094
[2025-10-02 17:57:47,681] INFO django.server - "POST /login/ HTTP/1.1" 302 0
[2025-10-02 17:57:47,699] INFO phishield - Dashboard accessed by: Michelle
[2025-10-02 17:57:47,708] INFO django.server - "GET /dashboard/ HTTP/1.1" 200 41728
[2025-10-02 17:57:50,779] INFO django.server - "GET /logs/ HTTP/1.1" 302 0
[2025-10-02 17:57:50,790] INFO phishield - Dashboard accessed by: Michelle
[2025-10-02 17:57:50,797] INFO django.server - "GET /dashboard/ HTTP/1.1" 200 42396
[2025-10-02 17:58:07,012] INFO django.server - "POST /logout/ HTTP/1.1" 302 0
[2025-10-02 17:58:07,018] INFO django.server - "GET /login/ HTTP/1.1" 200 12094
[2025-10-02 17:58:08,775] INFO django.server - "GET / HTTP/1.1" 200 3498
[2025-10-02 17:58:15,461] INFO django.server - "GET /login/ HTTP/1.1" 200 12094
[2025-10-02 17:58:18,394] INFO django.server - "POST /login/ HTTP/1.1" 302 0
[2025-10-02 17:58:18,401] INFO phishield - Dashboard accessed by: habon
[2025-10-02 17:58:18,406] INFO django.server - "GET /dashboard/ HTTP/1.1" 200 48487
[2025-10-02 17:58:22,546] INFO phishield - Profile accessed by: habon
[2025-10-02 17:58:22,554] INFO django.server - "GET /profile/ HTTP/1.1" 200 25580
[2025-10-02 17:58:24,934] INFO django.server - "GET /contact/ HTTP/1.1" 200 16816
[2025-10-02 17:58:26,099] INFO phishield - About Us page accessed
[2025-10-02 17:58:26,109] INFO django.server - "GET /about/ HTTP/1.1" 200 18867
[2025-10-02 17:58:30,438] INFO django.server - "GET /analyze-message/ HTTP/1.1" 200 11787
[2025-10-02 17:58:30,668] INFO django.server - "GET /analyze-message/ HTTP/1.1" 200 11787
[2025-10-02 17:58:31,172] INFO django.server - "GET /check-link/ HTTP/1.1" 200 11731
[2025-10-02 17:58:31,717] INFO phishield - Dashboard accessed by: habon
[2025-10-02 17:58:31,725] INFO django.server - "GET /dashboard/ HTTP/1.1" 200 48458
[2025-10-02 17:58:39,286] INFO django.server - "GET / HTTP/1.1" 302 0
[2025-10-02 17:58:39,294] INFO phishield - Dashboard accessed by: habon
[2025-10-02 17:58:39,301] INFO django.server - "GET /dashboard/ HTTP/1.1" 200 48470
[2025-10-02 17:58:40,492] INFO django.server - "GET / HTTP/1.1" 302 0
[2025-10-02 17:58:40,499] INFO phishield - Dashboard accessed by: habon
[2025-10-02 17:58:40,506] INFO django.server - "GET /dashboard/ HTTP/1.1" 200 48458
[2025-10-02 17:58:44,014] INFO django.server - "POST /logout/ HTTP/1.1" 302 0
[2025-10-02 17:58:44,020] INFO django.server - "GET /login/ HTTP/1.1" 200 12094
[2025-10-02 17:59:06,718] INFO django.server - "GET / HTTP/1.1" 200 3498
[2025-10-02 18:01:48,466] INFO django.server - "GET /login/ HTTP/1.1" 200 12094
[2025-10-02 18:01:58,800] INFO django.server - "POST /login/ HTTP/1.1" 302 0
[2025-10-02 18:01:58,810] INFO phishield - Dashboard accessed by: habon
[2025-10-02 18:01:58,817] INFO django.server - "GET /dashboard/ HTTP/1.1" 200 48478
[2025-10-02 18:02:01,224] INFO django.server - "GET /check-link/ HTTP/1.1" 200 11731
[2025-10-02 18:02:23,601] INFO phishield - URL check by habon: https://www.facebook.com/sunstarcebu
[2025-10-02 18:02:23,612] INFO phishield - URL analysis completed - Risk: safe
[2025-10-02 18:02:23,619] INFO django.server - "POST /check-link/ HTTP/1.1" 200 12466
[2025-10-02 18:02:27,360] INFO django.server - "GET /analyze-message/ HTTP/1.1" 200 11787
[2025-10-02 18:03:41,842] INFO phishield - Message analysis by habon
[2025-10-02 18:03:41,851] INFO phishield - Message analysis completed - Risk: dangerous
[2025-10-02 18:03:41,859] INFO django.server - "POST /analyze-message/ HTTP/1.1" 200 13627
[2025-10-02 18:03:52,309] INFO django.server - "GET /contact/ HTTP/1.1" 200 16816
[2025-10-02 18:03:53,532] INFO phishield - History accessed by: habon
[2025-10-02 18:03:53,541] INFO django.server - "GET /history/ HTTP/1.1" 200 35872
[2025-10-02 18:04:14,103] INFO phishield - History accessed by: habon
[2025-10-02 18:04:14,112] INFO django.server - "GET /history/ HTTP/1.1" 200 35872
[2025-10-02 18:04:14,986] INFO phishield - About Us page accessed
[2025-10-02 18:04:14,996] INFO django.server - "GET /about/ HTTP/1.1" 200 18867
[2025-10-02 18:04:16,088] INFO django.server - "GET /contact/ HTTP/1.1" 200 16816
[2025-10-02 18:04:17,263] INFO django.server - "GET /analyze-message/ HTTP/1.1" 200 11787
[2025-10-02 18:04:18,049] INFO django.server - "GET /check-link/ HTTP/1.1" 200 11731
[2025-10-02 18:04:18,770] INFO phishield - Dashboard accessed by: habon
[2025-10-02 18:04:18,778] INFO django.server - "GET /dashboard/ HTTP/1.1" 200 48487
[2025-10-02 18:04:28,700] INFO phishield - Profile accessed by: habon
[2025-10-02 18:04:28,714] INFO django.server - "GET /profile/ HTTP/1.1" 200 28419
[2025-10-02 18:04:32,709] INFO django.server - "GET /settings/ HTTP/1.1" 200 20021
[2025-10-02 18:04:40,565] INFO phishield - Settings updated by: habon
[2025-10-02 18:04:40,570] INFO django.server - "POST /settings/ HTTP/1.1" 302 0
[2025-10-02 18:04:40,582] INFO django.server - "GET /settings/ HTTP/1.1" 200 20665
[2025-10-02 18:04:46,898] INFO phishield - Dashboard accessed by: habon
[2025-10-02 18:04:46,906] INFO django.server - "GET /dashboard/ HTTP/1.1" 200 48469
[2025-10-02 18:04:51,503] INFO django.server - "GET /contact/ HTTP/1.1" 200 16816
[2025-10-02 18:04:52,837] INFO phishield - About Us page accessed
[2025-10-02 18:04:52,849] INFO django.server - "GET /about/ HTTP/1.1" 200 18867
[2025-10-02 18:04:55,148] INFO phishield - Profile accessed by: habon
[2025-10-02 18:04:55,164] INFO django.server - "GET /profile/ HTTP/1.1" 200 28418
[2025-10-02 18:04:56,666] INFO django.server - "GET /settings/ HTTP/1.1" 200 20021
[2025-10-02 18:05:08,417] INFO django.server - "GET /profile/change-password/ HTTP/1.1" 200 21116
[2025-10-02 18:05:11,377] INFO phishield - Profile accessed by: habon
[2025-10-02 18:05:11,385] INFO django.server - "GET /profile/ HTTP/1.1" 200 28418
[2025-10-02 18:05:13,319] INFO phishield - Dashboard accessed by: habon
[2025-10-02 18:05:13,326] INFO django.server - "GET /dashboard/ HTTP/1.1" 200 48498
[2025-10-02 18:05:16,765] INFO django.server - "POST /logout/ HTTP/1.1" 302 0
[2025-10-02 18:05:16,770] INFO django.server - "GET /login/ HTTP/1.1" 200 12094
[2025-10-02 18:05:18,772] INFO django.server - "GET / HTTP/1.1" 200 3498
[2025-10-02 20:43:00,030] INFO django.utils.autoreload - Watching for file changes with StatReloader
[2025-10-02 20:43:04,582] INFO django.server - "GET / HTTP/1.1" 200 3498
[2025-10-02 20:43:21,543] INFO django.server - "GET /register/ HTTP/1.1" 200 17061
[2025-10-02 20:43:45,848] INFO django.server - "POST /register/ HTTP/1.1" 200 17356
[2025-10-02 20:44:06,289] INFO phishield - User registered and auto-verified: user
[2025-10-02 20:44:06,495] INFO django.server - "POST /register/ HTTP/1.1" 302 0
[2025-10-02 20:44:06,846] INFO phishield - Dashboard accessed by: user
[2025-10-02 20:44:07,126] INFO django.server - "GET /dashboard/ HTTP/1.1" 200 42384
[2025-10-02 20:47:58,965] INFO django.utils.autoreload - C:\Users\PC\PycharmProjects\PhiShield\phishield_project\settings.py changed, reloading.
[2025-10-02 20:47:59,451] INFO django.utils.autoreload - Watching for file changes with StatReloader
[2025-10-02 20:48:58,548] INFO django.utils.autoreload - Watching for file changes with StatReloader
[2025-10-02 20:49:05,387] INFO django.server - "GET / HTTP/1.1" 302 0
[2025-10-02 20:49:05,729] INFO phishield - Dashboard accessed by: user
[2025-10-02 20:49:06,006] INFO django.server - "GET /dashboard/ HTTP/1.1" 200 41720
[2025-10-02 20:49:11,477] INFO django.server - "POST /logout/ HTTP/1.1" 302 0
[2025-10-02 20:49:11,487] INFO django.server - "GET /login/ HTTP/1.1" 200 12094
[2025-10-02 20:49:13,355] INFO django.server - "GET /register/ HTTP/1.1" 200 17061
[2025-10-02 20:49:35,158] INFO django.server - "POST /register/ HTTP/1.1" 200 17360
[2025-10-02 20:49:51,387] INFO django.server - "POST /register/ HTTP/1.1" 200 17360
[2025-10-02 20:50:05,731] INFO phishield - User registered and auto-verified: keyboard
[2025-10-02 20:50:05,932] INFO django.server - "POST /register/ HTTP/1.1" 302 0
[2025-10-02 20:50:06,271] INFO phishield - Dashboard accessed by: keyboard
[2025-10-02 20:50:06,539] INFO django.server - "GET /dashboard/ HTTP/1.1" 200 42419
[2025-10-02 20:57:07,048] INFO django.server - "POST /logout/ HTTP/1.1" 302 0
[2025-10-02 20:57:07,055] INFO django.server - "GET /login/ HTTP/1.1" 200 12094
[2025-10-02 20:57:10,301] INFO django.server - "POST /login/ HTTP/1.1" 200 12339
[2025-10-02 20:57:16,312] INFO django.server - "GET /register/ HTTP/1.1" 200 17061
[2025-10-02 20:57:48,467] INFO phishield - User registered and auto-verified: phishield
[2025-10-02 20:57:48,667] INFO django.server - "POST /register/ HTTP/1.1" 302 0
[2025-10-02 20:57:49,006] INFO phishield - Dashboard accessed by: phishield
[2025-10-02 20:57:49,273] INFO django.server - "GET /dashboard/ HTTP/1.1" 200 42421
